[    0.000000] Linux version 4.15.0-212-generic (buildd@lcy02-amd64-083) (gcc version 7.5.0 (Ubuntu 7.5.0-3ubuntu1~18.04)) #223-Ubuntu SMP Tue May 23 13:09:22 UTC 2023 (Ubuntu 4.15.0-212.223-generic 4.15.18)
[    0.000000] Command line: BOOT_IMAGE=/boot/vmlinuz-4.15.0-212-generic root=LABEL=cloudimg-rootfs ro console=tty1 console=ttyS0
[    0.000000] KERNEL supported cpus:
[    0.000000]   Intel GenuineIntel
[    0.000000]   AMD AuthenticAMD
[    0.000000]   Centaur CentaurHauls
[    0.000000] x86/fpu: Supporting XSAVE feature 0x001: 'x87 floating point registers'
[    0.000000] x86/fpu: Supporting XSAVE feature 0x002: 'SSE registers'
[    0.000000] x86/fpu: Supporting XSAVE feature 0x004: 'AVX registers'
[    0.000000] x86/fpu: xstate_offset[2]:  576, xstate_sizes[2]:  256
[    0.000000] x86/fpu: Enabled xstate features 0x7, context size is 832 bytes, using 'standard' format.
[    0.000000] e820: BIOS-provided physical RAM map:
[    0.000000] BIOS-e820: [mem 0x0000000000000000-0x000000000009fbff] usable
[    0.000000] BIOS-e820: [mem 0x000000000009fc00-0x000000000009ffff] reserved
[    0.000000] BIOS-e820: [mem 0x00000000000f0000-0x00000000000fffff] reserved
[    0.000000] BIOS-e820: [mem 0x0000000000100000-0x000000003ffeffff] usable
[    0.000000] BIOS-e820: [mem 0x000000003fff0000-0x000000003fffffff] ACPI data
[    0.000000] BIOS-e820: [mem 0x00000000fec00000-0x00000000fec00fff] reserved
[    0.000000] BIOS-e820: [mem 0x00000000fee00000-0x00000000fee00fff] reserved
[    0.000000] BIOS-e820: [mem 0x00000000fffc0000-0x00000000ffffffff] reserved
[    0.000000] NX (Execute Disable) protection: active
[    0.000000] SMBIOS 2.5 present.
[    0.000000] DMI: innotek GmbH VirtualBox/VirtualBox, BIOS VirtualBox 12/01/2006
[    0.000000] Hypervisor detected: KVM
[    0.000000] e820: last_pfn = 0x3fff0 max_arch_pfn = 0x400000000
[    0.000000] MTRR: Disabled
[    0.000000] x86/PAT: MTRRs disabled, skipping PAT initialization too.
[    0.000000] CPU MTRRs all blank - virtualized system.
[    0.000000] x86/PAT: Configuration [0-7]: WB  WT  UC- UC  WB  WT  UC- UC  
[    0.000000] found SMP MP-table at [mem 0x0009fff0-0x0009ffff]
[    0.000000] Scanning 1 areas for low memory corruption
[    0.000000] RAMDISK: [mem 0x359cb000-0x36cdcfff]
[    0.000000] ACPI: Early table checksum verification disabled
[    0.000000] ACPI: RSDP 0x00000000000E0000 000024 (v02 VBOX  )
[    0.000000] ACPI: XSDT 0x000000003FFF0030 00003C (v01 VBOX   VBOXXSDT 00000001 ASL  00000061)
[    0.000000] ACPI: FACP 0x000000003FFF00F0 0000F4 (v04 VBOX   VBOXFACP 00000001 ASL  00000061)
[    0.000000] ACPI: DSDT 0x000000003FFF0610 002353 (v02 VBOX   VBOXBIOS 00000002 INTL 20200925)
[    0.000000] ACPI: FACS 0x000000003FFF0200 000040
[    0.000000] ACPI: FACS 0x000000003FFF0200 000040
[    0.000000] ACPI: APIC 0x000000003FFF0240 00005C (v02 VBOX   VBOXAPIC 00000001 ASL  00000061)
[    0.000000] ACPI: SSDT 0x000000003FFF02A0 00036C (v01 VBOX   VBOXCPUT 00000002 INTL 20200925)
[    0.000000] ACPI: Reserving FACP table memory at [mem 0x3fff00f0-0x3fff01e3]
[    0.000000] ACPI: Reserving DSDT table memory at [mem 0x3fff0610-0x3fff2962]
[    0.000000] ACPI: Reserving FACS table memory at [mem 0x3fff0200-0x3fff023f]
[    0.000000] ACPI: Reserving FACS table memory at [mem 0x3fff0200-0x3fff023f]
[    0.000000] ACPI: Reserving APIC table memory at [mem 0x3fff0240-0x3fff029b]
[    0.000000] ACPI: Reserving SSDT table memory at [mem 0x3fff02a0-0x3fff060b]
[    0.000000] No NUMA configuration found
[    0.000000] Faking a node at [mem 0x0000000000000000-0x000000003ffeffff]
[    0.000000] NODE_DATA(0) allocated [mem 0x3ffc5000-0x3ffeffff]
[    0.000000] kvm-clock: cpu 0, msr 0:3ff44001, primary cpu clock
[    0.000000] kvm-clock: Using msrs 4b564d01 and 4b564d00
[    0.000000] kvm-clock: using sched offset of 3157694858 cycles
[    0.000000] clocksource: kvm-clock: mask: 0xffffffffffffffff max_cycles: 0x1cd42e4dffb, max_idle_ns: 881590591483 ns
[    0.000000] Zone ranges:
[    0.000000]   DMA      [mem 0x0000000000001000-0x0000000000ffffff]
[    0.000000]   DMA32    [mem 0x0000000001000000-0x000000003ffeffff]
[    0.000000]   Normal   empty
[    0.000000]   Device   empty
[    0.000000] Movable zone start for each node
[    0.000000] Early memory node ranges
[    0.000000]   node   0: [mem 0x0000000000001000-0x000000000009efff]
[    0.000000]   node   0: [mem 0x0000000000100000-0x000000003ffeffff]
[    0.000000] Reserved but unavailable: 104 pages
[    0.000000] Initmem setup node 0 [mem 0x0000000000001000-0x000000003ffeffff]
[    0.000000] ACPI: PM-Timer IO Port: 0x4008
[    0.000000] IOAPIC[0]: apic_id 2, version 32, address 0xfec00000, GSI 0-23
[    0.000000] ACPI: INT_SRC_OVR (bus 0 bus_irq 0 global_irq 2 dfl dfl)
[    0.000000] ACPI: INT_SRC_OVR (bus 0 bus_irq 9 global_irq 9 low level)
[    0.000000] Using ACPI (MADT) for SMP configuration information
[    0.000000] smpboot: Allowing 2 CPUs, 0 hotplug CPUs
[    0.000000] PM: Registered nosave memory: [mem 0x00000000-0x00000fff]
[    0.000000] PM: Registered nosave memory: [mem 0x0009f000-0x0009ffff]
[    0.000000] PM: Registered nosave memory: [mem 0x000a0000-0x000effff]
[    0.000000] PM: Registered nosave memory: [mem 0x000f0000-0x000fffff]
[    0.000000] e820: [mem 0x40000000-0xfebfffff] available for PCI devices
[    0.000000] Booting paravirtualized kernel on KVM
[    0.000000] clocksource: refined-jiffies: mask: 0xffffffff max_cycles: 0xffffffff, max_idle_ns: 7645519600211568 ns
[    0.000000] setup_percpu: NR_CPUS:8192 nr_cpumask_bits:2 nr_cpu_ids:2 nr_node_ids:1
[    0.000000] percpu: Embedded 50 pages/cpu s167936 r8192 d28672 u1048576
[    0.000000] PV qspinlock hash table entries: 256 (order: 0, 4096 bytes)
[    0.000000] Built 1 zonelists, mobility grouping on.  Total pages: 257913
[    0.000000] Policy zone: DMA32
[    0.000000] Kernel command line: BOOT_IMAGE=/boot/vmlinuz-4.15.0-212-generic root=LABEL=cloudimg-rootfs ro console=tty1 console=ttyS0
[    0.000000] Memory: 982644K/1048120K available (12300K kernel code, 2477K rwdata, 4324K rodata, 2480K init, 2720K bss, 65476K reserved, 0K cma-reserved)
[    0.000000] SLUB: HWalign=64, Order=0-3, MinObjects=0, CPUs=2, Nodes=1
[    0.000000] Kernel/User page tables isolation: enabled
[    0.000000] ftrace: allocating 39508 entries in 155 pages
[    0.004000] Hierarchical RCU implementation.
[    0.004000] 	RCU restricting CPUs from NR_CPUS=8192 to nr_cpu_ids=2.
[    0.004000] 	Tasks RCU enabled.
[    0.004000] RCU: Adjusting geometry for rcu_fanout_leaf=16, nr_cpu_ids=2
[    0.004000] NR_IRQS: 524544, nr_irqs: 440, preallocated irqs: 16
[    0.004000] random: crng init done
[    0.004000] Console: colour VGA+ 80x25
[    0.004000] console [tty1] enabled
[    0.004000] console [ttyS0] enabled
[    0.004000] ACPI: Core revision 20170831
[    0.004000] ACPI: 2 ACPI AML tables successfully acquired and loaded
[    0.004000] APIC: Switch to symmetric I/O mode setup
[    0.004000] x2apic enabled
[    0.004000] Switched APIC routing to physical x2apic.
[    0.004000] ..TIMER: vector=0x30 apic1=0 pin1=2 apic2=-1 pin2=-1
[    0.004000] tsc: Detected 2394.552 MHz processor
[    0.004000] Calibrating delay loop (skipped) preset value.. 4789.10 BogoMIPS (lpj=9578208)
[    0.004000] pid_max: default: 32768 minimum: 301
[    0.004000] Security Framework initialized
[    0.004000] Yama: becoming mindful.
[    0.004000] AppArmor: AppArmor initialized
[    0.004269] Dentry cache hash table entries: 131072 (order: 8, 1048576 bytes)
[    0.005412] Inode-cache hash table entries: 65536 (order: 7, 524288 bytes)
[    0.006502] Mount-cache hash table entries: 2048 (order: 2, 16384 bytes)
[    0.008007] Mountpoint-cache hash table entries: 2048 (order: 2, 16384 bytes)
[    0.009398] Last level iTLB entries: 4KB 512, 2MB 8, 4MB 8
[    0.010253] Last level dTLB entries: 4KB 512, 2MB 32, 4MB 32, 1GB 0
[    0.011211] Spectre V1 : Mitigation: usercopy/swapgs barriers and __user pointer sanitization
[    0.012003] Spectre V2 : Mitigation: Retpolines
[    0.012846] Spectre V2 : Spectre v2 / SpectreRSB mitigation: Filling RSB on context switch
[    0.014150] Spectre V2 : Spectre v2 / SpectreRSB : Filling RSB on VMEXIT
[    0.016002] Speculative Store Bypass: Vulnerable
[    0.016919] MDS: Mitigation: Clear CPU buffers
[    0.017676] MMIO Stale Data: Unknown: No mitigations
[    0.018466] SRBDS: Unknown: Dependent on hypervisor status
[    0.020162] Freeing SMP alternatives memory: 36K
[    0.132148] smpboot: CPU0: Intel(R) Core(TM) i7-3630QM CPU @ 2.40GHz (family: 0x6, model: 0x3a, stepping: 0x9)
[    0.133882] Performance Events: unsupported p6 CPU model 58 no PMU driver, software events only.
[    0.135372] Hierarchical SRCU implementation.
[    0.136562] NMI watchdog: Perf event create on CPU 0 failed with -2
[    0.137856] NMI watchdog: Perf NMI watchdog permanently disabled
[    0.139113] smp: Bringing up secondary CPUs ...
[    0.140092] x86: Booting SMP configuration:
[    0.140919] .... node  #0, CPUs:      #1
[    0.004000] kvm-clock: cpu 1, msr 0:3ff44041, secondary cpu clock
[    0.144024] smp: Brought up 1 node, 2 CPUs
[    0.144758] smpboot: Max logical packages: 1
[    0.145673] smpboot: Total of 2 processors activated (9578.20 BogoMIPS)
[    0.148105] devtmpfs: initialized
[    0.148762] x86/mm: Memory block size: 128MB
[    0.149807] evm: security.selinux
[    0.150426] evm: security.SMACK64
[    0.151105] evm: security.SMACK64EXEC
[    0.151847] evm: security.SMACK64TRANSMUTE
[    0.152000] evm: security.SMACK64MMAP
[    0.152000] evm: security.apparmor
[    0.152000] evm: security.ima
[    0.152000] evm: security.capability
[    0.152088] clocksource: jiffies: mask: 0xffffffff max_cycles: 0xffffffff, max_idle_ns: 7645041785100000 ns
[    0.156009] futex hash table entries: 512 (order: 3, 32768 bytes)
[    0.157185] pinctrl core: initialized pinctrl subsystem
[    0.158488] RTC time: 19:19:36, date: 09/06/24
[    0.160103] NET: Registered protocol family 16
[    0.161100] audit: initializing netlink subsys (disabled)
[    0.162154] audit: type=2000 audit(1725650380.890:1): state=initialized audit_enabled=0 res=1
[    0.164010] cpuidle: using governor ladder
[    0.164825] cpuidle: using governor menu
[    0.165635] ACPI: bus type PCI registered
[    0.166464] acpiphp: ACPI Hot Plug PCI Controller Driver version: 0.5
[    0.168102] PCI: Using configuration type 1 for base access
[    0.169326] HugeTLB registered 2.00 MiB page size, pre-allocated 0 pages
[    0.172077] ACPI: Added _OSI(Module Device)
[    0.173033] ACPI: Added _OSI(Processor Device)
[    0.174020] ACPI: Added _OSI(3.0 _SCP Extensions)
[    0.176004] ACPI: Added _OSI(Processor Aggregator Device)
[    0.177133] ACPI: Added _OSI(Linux-Dell-Video)
[    0.178099] ACPI: Added _OSI(Linux-Lenovo-NV-HDMI-Audio)
[    0.179213] ACPI: Added _OSI(Linux-HPI-Hybrid-Graphics)
[    0.180331] ACPI: Executed 1 blocks of module-level executable AML code
[    0.184000] ACPI: Interpreter enabled
[    0.184013] ACPI: (supports S0 S5)
[    0.184630] ACPI: Using IOAPIC for interrupt routing
[    0.185678] PCI: Using host bridge windows from ACPI; if necessary, use "pci=nocrs" and report a bug
[    0.188160] ACPI: Enabled 2 GPEs in block 00 to 07
[    0.197530] ACPI: PCI Root Bridge [PCI0] (domain 0000 [bus 00-ff])
[    0.198654] acpi PNP0A03:00: _OSC: OS supports [ASPM ClockPM Segments MSI]
[    0.200183] acpi PNP0A03:00: _OSC: not requesting OS control; OS requires [ExtendedConfig ASPM ClockPM MSI]
[    0.201666] acpi PNP0A03:00: fail to add MMCONFIG information, can't access extended PCI configuration space under this bridge.
[    0.203813] PCI host bridge to bus 0000:00
[    0.204003] pci_bus 0000:00: root bus resource [io  0x0000-0x0cf7 window]
[    0.205060] pci_bus 0000:00: root bus resource [io  0x0d00-0xffff window]
[    0.206067] pci_bus 0000:00: root bus resource [mem 0x000a0000-0x000bffff window]
[    0.208002] pci_bus 0000:00: root bus resource [mem 0x40000000-0xfdffffff window]
[    0.209143] pci_bus 0000:00: root bus resource [bus 00-ff]
[    0.211587] pci 0000:00:01.1: legacy IDE quirk: reg 0x10: [io  0x01f0-0x01f7]
[    0.212002] pci 0000:00:01.1: legacy IDE quirk: reg 0x14: [io  0x03f6]
[    0.213014] pci 0000:00:01.1: legacy IDE quirk: reg 0x18: [io  0x0170-0x0177]
[    0.214115] pci 0000:00:01.1: legacy IDE quirk: reg 0x1c: [io  0x0376]
[    0.237396] pci 0000:00:07.0: quirk: [io  0x4000-0x403f] claimed by PIIX4 ACPI
[    0.238662] pci 0000:00:07.0: quirk: [io  0x4100-0x410f] claimed by PIIX4 SMB
[    0.261270] ACPI: PCI Interrupt Link [LNKA] (IRQs 5 9 10 *11)
[    0.262553] ACPI: PCI Interrupt Link [LNKB] (IRQs 5 9 *10 11)
[    0.263535] ACPI: PCI Interrupt Link [LNKC] (IRQs 5 *9 10 11)
[    0.264107] ACPI: PCI Interrupt Link [LNKD] (IRQs 5 9 10 *11)
[    0.265279] SCSI subsystem initialized
[    0.265955] pci 0000:00:02.0: vgaarb: setting as boot VGA device
[    0.265955] pci 0000:00:02.0: vgaarb: VGA device added: decodes=io+mem,owns=io+mem,locks=none
[    0.268011] pci 0000:00:02.0: vgaarb: bridge control possible
[    0.268961] vgaarb: loaded
[    0.269488] ACPI: bus type USB registered
[    0.270219] usbcore: registered new interface driver usbfs
[    0.272017] usbcore: registered new interface driver hub
[    0.273008] usbcore: registered new device driver usb
[    0.273972] EDAC MC: Ver: 3.0.0
[    0.273972] PCI: Using ACPI for IRQ routing
[    0.276261] NetLabel: Initializing
[    0.276961] NetLabel:  domain hash size = 128
[    0.277742] NetLabel:  protocols = UNLABELED CIPSOv4 CALIPSO
[    0.278771] NetLabel:  unlabeled traffic allowed by default
[    0.280129] clocksource: Switched to clocksource kvm-clock
[    0.291007] VFS: Disk quotas dquot_6.6.0
[    0.291602] VFS: Dquot-cache hash table entries: 512 (order 0, 4096 bytes)
[    0.291602] AppArmor: AppArmor Filesystem Enabled
[    0.291602] pnp: PnP ACPI init
[    0.291602] pnp: PnP ACPI: found 3 devices
[    0.306094] clocksource: acpi_pm: mask: 0xffffff max_cycles: 0xffffff, max_idle_ns: 2085701024 ns
[    0.307631] NET: Registered protocol family 2
[    0.308389] IP idents hash table entries: 16384 (order: 5, 131072 bytes)
[    0.309952] TCP established hash table entries: 8192 (order: 4, 65536 bytes)
[    0.311011] TCP bind hash table entries: 8192 (order: 5, 131072 bytes)
[    0.312086] TCP: Hash tables configured (established 8192 bind 8192)
[    0.313064] UDP hash table entries: 512 (order: 2, 16384 bytes)
[    0.313980] UDP-Lite hash table entries: 512 (order: 2, 16384 bytes)
[    0.314986] NET: Registered protocol family 1
[    0.315656] pci 0000:00:00.0: Limiting direct PCI/PCI transfers
[    0.316072] pci 0000:00:01.0: Activating ISA DMA hang workarounds
[    0.316072] pci 0000:00:02.0: Video device with shadowed ROM at [mem 0x000c0000-0x000dffff]
[    0.316072] Unpacking initramfs...
[    0.316072] Freeing initrd memory: 19528K
[    0.316072] clocksource: tsc: mask: 0xffffffffffffffff max_cycles: 0x22841cf589e, max_idle_ns: 440795228873 ns
[    0.316072] platform rtc_cmos: registered platform RTC device (no PNP device found)
[    0.316072] Scanning for low memory corruption every 60 seconds
[    0.560135] Initialise system trusted keyrings
[    0.560817] Key type blacklist registered
[    0.561597] workingset: timestamp_bits=36 max_order=18 bucket_order=0
[    0.563468] zbud: loaded
[    0.564364] squashfs: version 4.0 (2009/01/31) Phillip Lougher
[    0.565566] fuse init (API version 7.26)
[    0.568750] Key type asymmetric registered
[    0.569512] Asymmetric key parser 'x509' registered
[    0.570351] Block layer SCSI generic (bsg) driver version 0.4 loaded (major 246)
[    0.571503] io scheduler noop registered
[    0.572157] io scheduler deadline registered
[    0.572906] io scheduler cfq registered (default)
[    0.574008] ACPI: AC Adapter [AC] (on-line)
[    0.574781] input: Power Button as /devices/LNXSYSTM:00/LNXPWRBN:00/input/input0
[    0.576024] ACPI: Power Button [PWRF]
[    0.576691] input: Sleep Button as /devices/LNXSYSTM:00/LNXSLPBN:00/input/input1
[    0.577929] ACPI: Sleep Button [SLPF]
[    0.579427] ACPI: Battery Slot [BAT0] (battery present)
[    0.580192] Serial: 8250/16550 driver, 32 ports, IRQ sharing enabled
[    0.602313] 00:02: ttyS0 at I/O 0x3f8 (irq = 4, base_baud = 115200) is a 16550A
[    0.609074] Linux agpgart interface v0.103
[    0.613821] loop: module loaded
[    0.616950] scsi host0: ata_piix
[    0.618846] scsi host1: ata_piix
[    0.620683] ata1: PATA max UDMA/33 cmd 0x1f0 ctl 0x3f6 bmdma 0xd000 irq 14
[    0.623434] ata2: PATA max UDMA/33 cmd 0x170 ctl 0x376 bmdma 0xd008 irq 15
[    0.626940] tun: Universal TUN/TAP device driver, 1.6
[    0.628731] PPP generic driver version 2.4.2
[    0.630519] ehci_hcd: USB 2.0 'Enhanced' Host Controller (EHCI) Driver
[    0.633280] ehci-pci: EHCI PCI platform driver
[    0.635016] ehci-platform: EHCI generic platform driver
[    0.637047] ohci_hcd: USB 1.1 'Open' Host Controller (OHCI) Driver
[    0.639247] ohci-pci: OHCI PCI platform driver
[    0.641222] ohci-platform: OHCI generic platform driver
[    0.643119] uhci_hcd: USB Universal Host Controller Interface driver
[    0.645546] i8042: PNP: PS/2 Controller [PNP0303:PS2K,PNP0f03:PS2M] at 0x60,0x64 irq 1,12
[    0.649339] serio: i8042 KBD port at 0x60,0x64 irq 1
[    0.651274] serio: i8042 AUX port at 0x60,0x64 irq 12
[    0.653129] mousedev: PS/2 mouse device common for all mice
[    0.655581] input: AT Translated Set 2 keyboard as /devices/platform/i8042/serio0/input/input2
[    0.659508] rtc_cmos rtc_cmos: rtc core: registered rtc_cmos as rtc0
[    0.662004] rtc_cmos rtc_cmos: alarms up to one day, 114 bytes nvram
[    0.664678] i2c /dev entries driver
[    0.666460] device-mapper: uevent: version 1.0.3
[    0.669071] device-mapper: ioctl: 4.37.0-ioctl (2017-09-20) initialised: dm-devel@redhat.com
[    0.672952] ledtrig-cpu: registered to indicate activity on CPUs
[    0.676886] NET: Registered protocol family 10
[    0.687386] Segment Routing with IPv6
[    0.689384] NET: Registered protocol family 17
[    0.691569] Key type dns_resolver registered
[    0.694271] mce: Using 0 MCE banks
[    0.695918] RAS: Correctable Errors collector initialized.
[    0.698196] sched_clock: Marking stable (694196931, 0)->(827404884, -133207953)
[    0.702907] registered taskstats version 1
[    0.704654] Loading compiled-in X.509 certificates
[    0.712088] Loaded X.509 cert 'Build time autogenerated kernel key: b5b26778eaa3ab3a4a6cee031137706e947d12ad'
[    0.717759] Loaded X.509 cert 'Canonical Ltd. Live Patch Signing: 14df34d1a87cf37625abec039ef2bf521249b969'
[    0.723005] Loaded X.509 cert 'Canonical Ltd. Kernel Module Signing: 88f752e560a1e0737e31163a466ad7b70a850c19'
[    0.726647] blacklist: Loading compiled-in revocation X.509 certificates
[    0.729032] Loaded X.509 cert 'Canonical Ltd. Secure Boot Signing: 61482aa2830d0ab2ad5af10b7250da9033ddcef0'
[    0.732548] Loaded X.509 cert 'Canonical Ltd. Secure Boot Signing (2017): 242ade75ac4a15e50d50c84b0d45ff3eae707a03'
[    0.735925] Loaded X.509 cert 'Canonical Ltd. Secure Boot Signing (ESM 2018): 365188c1d374d6b07c3c8f240f8ef722433d6a8b'
[    0.739160] Loaded X.509 cert 'Canonical Ltd. Secure Boot Signing (2019): c0746fd6c5da3ae827864651ad66ae47fe24b3e8'
[    0.742170] Loaded X.509 cert 'Canonical Ltd. Secure Boot Signing (2021 v1): a8d54bbb3825cfb94fa13c9f8a594a195c107b8d'
[    0.745073] Loaded X.509 cert 'Canonical Ltd. Secure Boot Signing (2021 v2): 4cf046892d6fd3c9a5b03f98d845f90851dc6a8c'
[    0.747861] Loaded X.509 cert 'Canonical Ltd. Secure Boot Signing (2021 v3): 100437bb6de6e469b581e61cd66bce3ef4ed53af'
[    0.750639] Loaded X.509 cert 'Canonical Ltd. Secure Boot Signing (Ubuntu Core 2019): c1d57b8f6b743f23ee41f4f7ee292f06eecadfb9'
[    0.753411] zswap: loaded using pool lzo/zbud
[    0.761715] Key type big_key registered
[    0.762894] Key type trusted registered
[    0.766619] Key type encrypted registered
[    0.767763] AppArmor: AppArmor sha1 policy hashing enabled
[    0.769407] ima: No TPM chip found, activating TPM-bypass! (rc=-19)
[    0.771114] ima: Allocated hash algorithm: sha1
[    0.772436] evm: HMAC attrs: 0x1
[    0.773857]   Magic number: 8:755:343
[    0.774939] tty tty60: hash matches
[    0.776333] rtc_cmos rtc_cmos: setting system clock to 2024-09-06 19:19:37 UTC (1725650377)
[    0.778973] BIOS EDD facility v0.16 2004-Jun-25, 0 devices found
[    0.780812] EDD information not available.
[    0.816165] Freeing unused kernel image memory: 2480K
[    1.154036] Write protecting the kernel read-only data: 20480k
[    1.158608] Freeing unused kernel image memory: 2008K
[    1.161810] Freeing unused kernel image memory: 1820K
[    1.183046] x86/mm: Checked W+X mappings: passed, no W+X pages found.
[    1.185827] x86/mm: Checking user space page tables
[    1.204903] x86/mm: Checked W+X mappings: passed, no W+X pages found.
Loading, please wait...
starting version 237
[    1.291671] e1000: Intel(R) PRO/1000 Network Driver - version 7.3.21-k8-NAPI
[    1.293149] e1000: Copyright (c) 1999-2006 Intel Corporation.
[    1.297370] Fusion MPT base driver 3.04.20
[    1.298308] Copyright (c) 1999-2008 LSI Corporation
[    1.334343] AVX version of gcm_enc/dec engaged.
[    1.335304] AES CTR mode by8 optimization enabled
[    1.342844] Fusion MPT SPI Host driver 3.04.20
[    1.529014] input: ImExPS/2 Generic Explorer Mouse as /devices/platform/i8042/serio1/input/input4
[    1.684493] e1000 0000:00:03.0 eth0: (PCI:33MHz:32-bit) 02:3b:7b:b7:3b:2d
[    1.685662] e1000 0000:00:03.0 eth0: Intel(R) PRO/1000 Network Connection
[    2.048330] e1000 0000:00:08.0 eth1: (PCI:33MHz:32-bit) 08:00:27:80:a6:f8
[    2.049554] e1000 0000:00:08.0 eth1: Intel(R) PRO/1000 Network Connection
[    2.051699] mptbase: ioc0: Initiating bringup
[    3.705156] ioc0: LSI53C1030 A0: Capabilities={Initiator}
[    6.624972] scsi host2: ioc0: LSI53C1030 A0, FwRev=00000000h, Ports=1, MaxQ=256, IRQ=20
[    8.317829] scsi 2:0:0:0: Direct-Access     VBOX     HARDDISK         1.0  PQ: 0 ANSI: 5
[    8.372197] scsi target2:0:0: Beginning Domain Validation
[    8.378047] scsi target2:0:0: Domain Validation skipping write tests
[    8.380829] scsi target2:0:0: Ending Domain Validation
[    8.382155] scsi target2:0:0: asynchronous
[    8.385143] scsi 2:0:1:0: Direct-Access     VBOX     HARDDISK         1.0  PQ: 0 ANSI: 5
[    8.690930] scsi target2:0:1: Beginning Domain Validation
[    8.697018] scsi target2:0:1: Domain Validation skipping write tests
[    8.699612] scsi target2:0:1: Ending Domain Validation
[    8.702025] scsi target2:0:1: asynchronous
[    8.712424] sd 2:0:0:0: Attached scsi generic sg0 type 0
[    8.715175] sd 2:0:1:0: [sdb] 20480 512-byte logical blocks: (10.5 MB/10.0 MiB)
[    8.716883] sd 2:0:1:0: [sdb] Write Protect is off
[    8.717849] sd 2:0:1:0: [sdb] Incomplete mode parameter data
[    8.718769] sd 2:0:1:0: [sdb] Assuming drive cache: write through
[    8.718779] sd 2:0:0:0: [sda] 83886080 512-byte logical blocks: (42.9 GB/40.0 GiB)
[    8.719926] sd 2:0:1:0: Attached scsi generic sg1 type 0
[    8.721453] sd 2:0:0:0: [sda] Write Protect is off
[    8.725349] e1000 0000:00:09.0 eth2: (PCI:33MHz:32-bit) 08:00:27:8e:cd:72
[    8.726389] e1000 0000:00:09.0 eth2: Intel(R) PRO/1000 Network Connection
[    8.727486] sd 2:0:0:0: [sda] Incomplete mode parameter data
[    8.729069] sd 2:0:1:0: [sdb] Attached SCSI disk
[    8.729297] sd 2:0:0:0: [sda] Assuming drive cache: write through
[    8.734361]  sda: sda1
[    8.737584] sd 2:0:0:0: [sda] Attached SCSI disk
[    8.740410] e1000 0000:00:09.0 enp0s9: renamed from eth2
[    8.756285] e1000 0000:00:08.0 enp0s8: renamed from eth1
[    8.778936] e1000 0000:00:03.0 enp0s3: renamed from eth0
Begin: Loading essential drivers ... [   11.284124] raid6: sse2x1   gen() 11576 MB/s
[   11.332350] raid6: sse2x1   xor()  6849 MB/s
[   11.381079] raid6: sse2x2   gen() 11093 MB/s
[   11.429144] raid6: sse2x2   xor()  6951 MB/s
[   11.476137] raid6: sse2x4   gen() 12244 MB/s
[   11.535947] raid6: sse2x4   xor() 10025 MB/s
[   11.536809] raid6: using algorithm sse2x4 gen() 12244 MB/s
[   11.537747] raid6: .... xor() 10025 MB/s, rmw enabled
[   11.538512] raid6: using ssse3x2 recovery algorithm
[   11.540845] xor: automatically using best checksumming function   avx       
[   11.543904] async_tx: api initialized (async)
done.
Begin: Running /scripts/init-premount ... done.
Begin: Mounting root file system ... Begin: Running /scripts/local-top ... done.
Begin: Running /scripts/local-premount ... [   11.604881] Btrfs loaded, crc32c=crc32c-intel
Scanning for Btrfs filesystems
done.
Warning: fsck not present, so skipping root file system
[   11.651699] EXT4-fs (sda1): mounted filesystem with ordered data mode. Opts: (null)
done.
Begin: Running /scripts/local-bottom ... done.
Begin: Running /scripts/init-bottom ... done.
[   11.953326] ip_tables: (C) 2000-2006 Netfilter Core Team
[   11.978696] systemd[1]: systemd 237 running in system mode. (+PAM +AUDIT +SELINUX +IMA +APPARMOR +SMACK +SYSVINIT +UTMP +LIBCRYPTSETUP +GCRYPT +GNUTLS +ACL +XZ +LZ4 +SECCOMP +BLKID +ELFUTILS +KMOD -IDN2 +IDN -PCRE2 default-hierarchy=hybrid)
[   11.987378] systemd[1]: Detected virtualization oracle.
[   11.989525] systemd[1]: Detected architecture x86-64.

Welcome to [1mUbuntu 18.04.6 LTS[0m!

[   12.002131] systemd[1]: Set hostname to <ubuntu>.
[   12.009830] systemd[1]: Initializing machine ID from random generator.
[   12.012626] systemd[1]: Installed transient /etc/machine-id file.
[   12.404548] systemd[1]: Set up automount Arbitrary Executable File Formats File System Automount Point.
[[0;32m  OK  [0m] Set up automount Arbitrary Executab…rmats File System Automount Point.
[   12.408088] systemd[1]: Reached target System Time Synchronized.
[[0;32m  OK  [0m] Reached target System Time Synchronized.
[   12.410154] systemd[1]: Reached target Mounting snaps.
[[0;32m  OK  [0m] Reached target Mounting snaps.
[   12.412099] systemd[1]: Reached target Mounted snaps.
[[0;32m  OK  [0m] Reached target Mounted snaps.
[[0;32m  OK  [0m] Created slice User and Session Slice.
[[0;32m  OK  [0m] Started Forward Password Requests to Wall Directory Watch.
[[0;32m  OK  [0m] Created slice System Slice.
[[0;32m  OK  [0m] Reached target Slices.
[[0;32m  OK  [0m] Listening on LVM2 poll daemon socket.
[[0;32m  OK  [0m] Listening on Network Service Netlink Socket.
[[0;32m  OK  [0m] Listening on Journal Socket.
         Starting Load Kernel Modules...
[[0;32m  OK  [0m] Listening on Syslog Socket.
[[0;32m  OK  [0m] Listening on udev Control Socket.
         Starting Set the console keyboard layout...
[[0;32m  OK  [0m] Listening on udev Kernel Socket.
         Mounting Kernel Debug File System...
[[0;32m  OK  [0m] Created slice system-serial\x2dgetty.slice.
[[0;32m  OK  [0m] Listening on /dev/initctl Compatibility Named Pipe.
[[0;32m  OK  [0m] Listening on Journal Socket (/dev/log).
         Mounting POSIX Message Queue File System...
[   12.455943] Loading iSCSI transport class v2.0-870.
[[0;32m  OK  [0m] Listening on Journal Audit Socket.
[   12.463250] iscsi: registered transport (tcp)
         Starting Journal Service...
         Mounting Huge Pages File System...
         Starting Create list of required st…ce nodes for the current kernel...
[[0;32m  OK  [0m] Listening on fsck to fsckd communication Socket.
         Starting File System Check on Root Device...
         Starting udev Coldplug all Devices...
[[0;32m  OK  [0m] Listening on LVM2 metadata daemon socket.
[[0;32m  OK  [0m] Listening on Device-mapper event daemon FIFOs.
[   12.513614] iscsi: registered transport (iser)
         Starting Monitoring of LVM2 mirrors…ng dmeventd or progress polling...
[[0;32m  OK  [0m] Reached target Swap.
         Starting Uncomplicated firewall...
[[0;32m  OK  [0m] Reached target User and Group Name Lookups.
[[0;32m  OK  [0m] Started Load Kernel Modules.
         Mounting Kernel Configuration File System...
         Mounting FUSE Control File System...
         Starting Apply Kernel Variables...
[[0;32m  OK  [0m] Mounted Kernel Debug File System.
[[0;32m  OK  [0m] Started Journal Service.
[[0;32m  OK  [0m] Mounted POSIX Message Queue File System.
[[0;32m  OK  [0m] Mounted Huge Pages File System.
[[0;32m  OK  [0m] Started Create list of required sta…vice nodes for the current kernel.
[[0;32m  OK  [0m] Mounted Kernel Configuration File System.
[[0;32m  OK  [0m] Mounted FUSE Control File System.
[[0;32m  OK  [0m] Started File System Check Daemon to report status.
         Starting Create Static Device Nodes in /dev...
[[0;32m  OK  [0m] Started Uncomplicated firewall.
[[0;32m  OK  [0m] Started LVM2 metadata daemon.
[[0;32m  OK  [0m] Started udev Coldplug all Devices.
[[0;32m  OK  [0m] Started Create Static Device Nodes in /dev.
[[0;32m  OK  [0m] Started Apply Kernel Variables.
[[0;32m  OK  [0m] Started File System Check on Root Device.
         Starting Remount Root and Kernel File Systems...
[[0;32m  OK  [0m] Started Monitoring of LVM2 mirrors,…sing dmeventd or progress polling.
[[0;32m  OK  [0m] Started Remount Root and Kernel File Systems.
         Starting Flush Journal to Persistent Storage...
         Starting udev Kernel Device Manager...
         Starting Load/Save Random Seed...
[[0;32m  OK  [0m] Started Load/Save Random Seed.
[[0;32m  OK  [0m] Started udev Kernel Device Manager.
[[0;32m  OK  [0m] Started Flush Journal to Persistent Storage.
[[0;32m  OK  [0m] Found device /dev/ttyS0.
[[0;32m  OK  [0m] Listening on Load/Save RF Kill Switch Status /dev/rfkill Watch.
         Mounting Arbitrary Executable File Formats File System...
[[0;32m  OK  [0m] Mounted Arbitrary Executable File Formats File System.
[[0;32m  OK  [0m] Started Set the console keyboard layout.
[[0;32m  OK  [0m] Started Dispatch Password Requests to Console Directory Watch.
[[0;32m  OK  [0m] Reached target Local Encrypted Volumes.
[[0;32m  OK  [0m] Reached target Local File Systems (Pre).
[[0;32m  OK  [0m] Reached target Local File Systems.
         Starting Tell Plymouth To Write Out Runtime Data...
         Starting Create Volatile Files and Directories...
         Starting Commit a transient machine-id on disk...
         Starting ebtables ruleset management...
         Starting AppArmor initialization...
         Starting Set console font and keymap...
[[0;32m  OK  [0m] Started Tell Plymouth To Write Out Runtime Data.
[[0;32m  OK  [0m] Started Create Volatile Files and Directories.
         Starting Update UTMP about System Boot/Shutdown...
[[0;32m  OK  [0m] Started Update UTMP about System Boot/Shutdown.
[[0;32m  OK  [0m] Started Commit a transient machine-id on disk.
[[0;32m  OK  [0m] Started ebtables ruleset management.
[[0;32m  OK  [0m] Started AppArmor initialization.
         Starting Load AppArmor profiles managed internally by snapd...
         Starting Initial cloud-init job (pre-networking)...
[[0;32m  OK  [0m] Started Load AppArmor profiles managed internally by snapd.
[[0;32m  OK  [0m] Started Set console font and keymap.
[   16.802972] cloud-init[833]: Cloud-init v. 23.1.2-0ubuntu0~18.04.1 running 'init-local' at Fri, 06 Sep 2024 19:19:52 +0000. Up 16.22 seconds.
[[0;32m  OK  [0m] Started Initial cloud-init job (pre-networking).
[[0;32m  OK  [0m] Reached target Network (Pre).
         Starting Network Service...
[[0;32m  OK  [0m] Started Network Service.
         Starting Wait for Network to be Configured...
         Starting Network Name Resolution...
[[0;32m  OK  [0m] Started Network Name Resolution.
[[0;32m  OK  [0m] Reached target Host and Network Name Lookups.
[[0;32m  OK  [0m] Reached target Network.
[[0;32m  OK  [0m] Started Wait for Network to be Configured.
         Starting Initial cloud-init job (metadata service crawler)...
[   19.536603] cloud-init[996]: Cloud-init v. 23.1.2-0ubuntu0~18.04.1 running 'init' at Fri, 06 Sep 2024 19:19:56 +0000. Up 19.37 seconds.
[   19.537941] cloud-init[996]: ci-info: ++++++++++++++++++++++++++++++++++++++Net device info+++++++++++++++++++++++++++++++++++++++
[   19.539396] cloud-init[996]: ci-info: +--------+-------+----------------------------+---------------+--------+-------------------+
[   19.540646] cloud-init[996]: ci-info: | Device |   Up  |          Address           |      Mask     | Scope  |     Hw-Address    |
[   19.541900] cloud-init[996]: ci-info: +--------+-------+----------------------------+---------------+--------+-------------------+
[   19.543114] cloud-init[996]: ci-info: | enp0s3 |  True |         10.0.2.15          | 255.255.255.0 | global | 02:3b:7b:b7:3b:2d |
[   19.544391] cloud-init[996]: ci-info: | enp0s3 |  True | fe80::3b:7bff:feb7:3b2d/64 |       .       |  link  | 02:3b:7b:b7:3b:2d |
[   19.545661] cloud-init[996]: ci-info: | enp0s8 | False |             .              |       .       |   .    | 08:00:27:80:a6:f8 |
[   19.546918] cloud-init[996]: ci-info: | enp0s9 | False |             .              |       .       |   .    | 08:00:27:8e:cd:72 |
[   19.548212] cloud-init[996]: ci-info: |   lo   |  True |         127.0.0.1          |   255.0.0.0   |  host  |         .         |
[   19.549512] cloud-init[996]: ci-info: |   lo   |  True |          ::1/128           |       .       |  host  |         .         |
[   19.550584] cloud-init[996]: ci-info: +--------+-------+----------------------------+---------------+--------+-------------------+
[   19.551826] cloud-init[996]: ci-info: ++++++++++++++++++++++++++++Route IPv4 info+++++++++++++++++++++++++++++
[   19.552908] cloud-init[996]: ci-info: +-------+-------------+----------+-----------------+-----------+-------+
[   19.554003] cloud-init[996]: ci-info: | Route | Destination | Gateway  |     Genmask     | Interface | Flags |
[   19.555051] cloud-init[996]: ci-info: +-------+-------------+----------+-----------------+-----------+-------+
[   19.556162] cloud-init[996]: ci-info: |   0   |   0.0.0.0   | 10.0.2.2 |     0.0.0.0     |   enp0s3  |   UG  |
[   19.557239] cloud-init[996]: ci-info: |   1   |   10.0.2.0  | 0.0.0.0  |  255.255.255.0  |   enp0s3  |   U   |
[   19.558332] cloud-init[996]: ci-info: |   2   |   10.0.2.2  | 0.0.0.0  | 255.255.255.255 |   enp0s3  |   UH  |
[   19.559377] cloud-init[996]: ci-info: +-------+-------------+----------+-----------------+-----------+-------+
[   19.560477] cloud-init[996]: ci-info: +++++++++++++++++++Route IPv6 info+++++++++++++++++++
[   19.561517] cloud-init[996]: ci-info: +-------+-------------+---------+-----------+-------+
[   19.562814] cloud-init[996]: ci-info: | Route | Destination | Gateway | Interface | Flags |
[   19.572310] cloud-init[996]: ci-info: +-------+-------------+---------+-----------+-------+
[   19.584334] cloud-init[996]: ci-info: |   1   |  fe80::/64  |    ::   |   enp0s3  |   U   |
[   19.585392] cloud-init[996]: ci-info: |   3   |    local    |    ::   |   enp0s3  |   U   |
[   19.586532] cloud-init[996]: ci-info: |   4   |   ff00::/8  |    ::   |   enp0s3  |   U   |
[   19.587644] cloud-init[996]: ci-info: +-------+-------------+---------+-----------+-------+
[   20.381429] cloud-init[996]: Generating public/private rsa key pair.
[   20.382627] cloud-init[996]: Your identification has been saved in /etc/ssh/ssh_host_rsa_key.
[   20.384067] cloud-init[996]: Your public key has been saved in /etc/ssh/ssh_host_rsa_key.pub.
[   20.385379] cloud-init[996]: The key fingerprint is:
[   20.386168] cloud-init[996]: SHA256:5yv0qExLJAAGwdhBBF/csLueEJnD3F3unSwUyPCzZ7c root@ubuntu-bionic
[   20.387364] cloud-init[996]: The key's randomart image is:
[   20.388197] cloud-init[996]: +---[RSA 2048]----+
[   20.388911] cloud-init[996]: |OB+o+o           |
[   20.389581] cloud-init[996]: |o+...=..         |
[   20.390232] cloud-init[996]: |  o . = o        |
[   20.390932] cloud-init[996]: | o = o = .       |
[   20.391579] cloud-init[996]: |  B + + S o      |
[   20.392293] cloud-init[996]: |   o + =.* o     |
[   20.392941] cloud-init[996]: |  . . o.ooE      |
[   20.393636] cloud-init[996]: |   o = .o...     |
[   20.394342] cloud-init[996]: |    o +. ..      |
[   20.395028] cloud-init[996]: +----[SHA256]-----+
[   20.395699] cloud-init[996]: Generating public/private dsa key pair.
[   20.396518] cloud-init[996]: Your identification has been saved in /etc/ssh/ssh_host_dsa_key.
[   20.397602] cloud-init[996]: Your public key has been saved in /etc/ssh/ssh_host_dsa_key.pub.
[   20.398780] cloud-init[996]: The key fingerprint is:
[   20.399478] cloud-init[996]: SHA256:8B3IghlmdPjib56NaGjpMUw5/zMeAMJ/Q8qx5kJ5TXk root@ubuntu-bionic
[   20.400690] cloud-init[996]: The key's randomart image is:
[   20.401459] cloud-init[996]: +---[DSA 1024]----+
[   20.402163] cloud-init[996]: |   .=..          |
[   20.402810] cloud-init[996]: |.  o.=.. .       |
[   20.403494] cloud-init[996]: |....o=oEo .      |
[   20.404210] cloud-init[996]: | .+oO o+ . .     |
[   20.404885] cloud-init[996]: | o+O.=  S .      |
[   20.405724] cloud-init[996]: |.o+oo..          |
[   20.406370] cloud-init[996]: | .++...          |
[   20.407032] cloud-init[996]: |  =o.o==         |
[   20.407718] cloud-init[996]: | o...+*o.        |
[   20.408438] cloud-init[996]: +----[SHA256]-----+
[   20.428239] cloud-init[996]: Generating public/private ecdsa key pair.
[   20.429147] cloud-init[996]: Your identification has been saved in /etc/ssh/ssh_host_ecdsa_key.
[   20.430227] cloud-init[996]: Your public key has been saved in /etc/ssh/ssh_host_ecdsa_key.pub.
[   20.431272] cloud-init[996]: The key fingerprint is:
[   20.431916] cloud-init[996]: SHA256:5weBr4yyV2Op2m07ugDimd7kez1hyWsaluZpNBLD9ag root@ubuntu-bionic
[   20.432968] cloud-init[996]: The key's randomart image is:
[   20.433660] cloud-init[996]: +---[ECDSA 256]---+
[   20.434248] cloud-init[996]: |                 |
[   20.452280] cloud-init[996]: |     .   .       |
[   20.453113] cloud-init[996]: |  . . o . .      |
[   20.453884] cloud-init[996]: |   + . . . .     |
[   20.454706] cloud-init[996]: |. . + . S.+      |
[   20.455496] cloud-init[996]: |..oE o.B=+ .     |
[   20.476235] cloud-init[996]: | + .===+=.. .    |
[   20.477033] cloud-init[996]: |. + +B=*o  .     |
[   20.477725] cloud-init[996]: | . +***++o       |
[   20.478529] cloud-init[996]: +----[SHA256]-----+
[   20.479254] cloud-init[996]: Generating public/private ed25519 key pair.
[   20.480151] cloud-init[996]: Your identification has been saved in /etc/ssh/ssh_host_ed25519_key.
[[0;32m  OK  [0m[   20.496206] cloud-init[996]: Your public key has been saved in /etc/ssh/ssh_host_ed25519_key.pub.
[   20.496560] cloud-init[996]: The key fingerprint is:
[   20.497256] cloud-init[996]: SHA256:+CVyM0VNUQ9FpH4UUVxp3Nc4/84xwsT3pP+QFVf6KN0 root@ubuntu-bionic
[   20.498215] cloud-init[996]: The key's randomart image is:
[   20.499185] cloud-init[996]: +--[ED25519 256]--+
[   20.499934] cloud-init[996]: |          .ooo+O#|
[   20.500742] cloud-init[996]: |         .  . oOB|
[   20.501359] cloud-init[996]: |          . . ++=|
[   20.502245] cloud-init[996]: |       . .   = *=|
[   20.502926] cloud-init[996]: |      o S . + =oE|
[   20.503391] cloud-init[996]: |       + =   +.*o|
[   20.504221] cloud-init[996]: |        .     ++o|
[   20.504548] cloud-init[996]: |               .+|
[   20.505402] cloud-init[996]: |                o|
[   20.505893] cloud-init[996]: +----[SHA256]-----+
] Started Initial cloud-init job (metadata service crawler).
[[0;32m  OK  [0m] Reached target System Initialization.
         Starting Socket activation for snappy daemon.
[[0;32m  OK  [0m] Started Ubuntu Advantage Timer for running repeated jobs.
[[0;32m  OK  [0m] Listening on Open-iSCSI iscsid Socket.
         Starting LXD - unix socket.
[[0;32m  OK  [0m] Listening on cloud-init hotplug hook socket.
[[0;32m  OK  [0m] Started ACPI Events Check.
[[0;32m  OK  [0m] Reached target Paths.
[[0;32m  OK  [0m] Started Daily Cleanup of Temporary Directories.
[[0;32m  OK  [0m] Listening on UUID daemon activation socket.
[[0;32m  OK  [0m] Started Message of the Day.
[[0;32m  OK  [0m] Started Daily apt download activities.
[[0;32m  OK  [0m] Listening on ACPID Listen Socket.
[[0;32m  OK  [0m] Listening on D-Bus System Message Bus Socket.
[[0;32m  OK  [0m] Started Daily apt upgrade and clean activities.
[[0;32m  OK  [0m] Started Discard unused blocks once a week.
[[0;32m  OK  [0m] Reached target Timers.
[[0;32m  OK  [0m] Reached target Network is Online.
         Starting Availability of block devices...
[[0;32m  OK  [0m] Reached target Remote File Systems (Pre).
[[0;32m  OK  [0m] Reached target Remote File Systems.
[[0;32m  OK  [0m] Reached target Cloud-config availability.
[[0;32m  OK  [0m] Listening on Socket activation for snappy daemon.
[[0;32m  OK  [0m] Listening on LXD - unix socket.
[[0;32m  OK  [0m] Started Availability of block devices.
[[0;32m  OK  [0m] Reached target Sockets.
[[0;32m  OK  [0m] Reached target Basic System.
[[0;32m  OK  [0m] Started Regular background program processing daemon.
         Starting System Logging Service...
         Starting Permit User Sessions...
         Starting Dispatcher daemon for systemd-networkd...
         Starting Accounts Service...
         Starting Virtualbox guest utils...
[[0;32m  OK  [0m] Started irqbalance daemon.
         Starting LSB: automatic crash report generation...
[[0;32m  OK  [0m] Started D-Bus System Message Bus.
[[0;32m  OK  [0m] Started FUSE filesystem for LXC.
         Starting LSB: Record successful boot for GRUB...
         Starting LXD - container startup/shutdown...
         Starting Pollinate to seed the pseudo random number generator...
[[0;32m  OK  [0m] Reached target Login Prompts (Pre).
         Starting Login Service...
[[0;32m  OK  [0m] Started Deferred execution scheduler.
         Starting Snap Daemon...
[[0;32m  OK  [0m] Started System Logging Service.
[[0;32m  OK  [0m] Started Permit User Sessions.
         Starting Terminate Plymouth Boot Screen...
         Starting Hold until boot process finishes up...
[[0;32m  OK  [0m] Started Hold until boot process finishes up.
         Starting Set console scheme...
[[0;32m  OK  [0m] Started Serial Getty on ttyS0.
[[0;32m  OK  [0m] Started Terminate Plymouth Boot Screen.
[[0;32m  OK  [0m] Started LSB: automatic crash report generation.
[[0;32m  OK  [0m] Started Set console scheme.
[[0;32m  OK  [0m] Started Login Service.
[[0;32m  OK  [0m] Started Unattended Upgrades Shutdown.
[[0;32m  OK  [0m] Created slice system-getty.slice.
[[0;32m  OK  [0m] Started Getty on tty1.
[[0;32m  OK  [0m] Reached target Login Prompts.
         Starting Authorization Manager...
[[0;32m  OK  [0m] Started Authorization Manager.
[[0;32m  OK  [0m] Started Accounts Service.
[[0;32m  OK  [0m] Started LSB: Record successful boot for GRUB.
[[0;32m  OK  [0m] Started Virtualbox guest utils.
[[0;32m  OK  [0m] Started LXD - container startup/shutdown.
[[0;32m  OK  [0m] Started Dispatcher daemon for systemd-networkd.
[[0;32m  OK  [0m] Started Snap Daemon.
         Starting Wait until snapd is fully seeded...
[[0;32m  OK  [0m] Started Pollinate to seed the pseudo random number generator.
         Starting OpenBSD Secure Shell server...
[[0;32m  OK  [0m] Started OpenBSD Secure Shell server.
         Starting Time & Date Service...
[[0;32m  OK  [0m] Started Time & Date Service.
[[0;32m  OK  [0m] Created slice User Slice of vagrant.
         Starting User Manager for UID 1000...
[[0;32m  OK  [0m] Started Session 1 of user vagrant.
[[0;32m  OK  [0m] Started User Manager for UID 1000.
[[0;32m  OK  [0m] Started Wait until snapd is fully seeded.
         Starting Apply the settings specified in cloud-config...
[   25.837413] cloud-init[1693]: Cloud-init v. 23.1.2-0ubuntu0~18.04.1 running 'modules:config' at Fri, 06 Sep 2024 19:20:02 +0000. Up 25.37 seconds.
ci-info: no authorized SSH keys fingerprints found for user ubuntu.
<14>Sep  6 19:20:03 cloud-init: #############################################################
<14>Sep  6 19:20:03 cloud-init: -----BEGIN SSH HOST KEY FINGERPRINTS-----
<14>Sep  6 19:20:03 cloud-init: 1024 SHA256:8B3IghlmdPjib56NaGjpMUw5/zMeAMJ/Q8qx5kJ5TXk root@ubuntu-bionic (DSA)
<14>Sep  6 19:20:03 cloud-init: 256 SHA256:5weBr4yyV2Op2m07ugDimd7kez1hyWsaluZpNBLD9ag root@ubuntu-bionic (ECDSA)
<14>Sep  6 19:20:03 cloud-init: 256 SHA256:+CVyM0VNUQ9FpH4UUVxp3Nc4/84xwsT3pP+QFVf6KN0 root@ubuntu-bionic (ED25519)
<14>Sep  6 19:20:03 cloud-init: 2048 SHA256:5yv0qExLJAAGwdhBBF/csLueEJnD3F3unSwUyPCzZ7c root@ubuntu-bionic (RSA)
<14>Sep  6 19:20:03 cloud-init: -----END SSH HOST KEY FINGERPRINTS-----
<14>Sep  6 19:20:03 cloud-init: #############################################################
-----BEGIN SSH HOST KEY KEYS-----
ecdsa-sha2-nistp256 AAAAE2VjZHNhLXNoYTItbmlzdHAyNTYAAAAIbmlzdHAyNTYAAABBBBKCHdMM8HhJ+0bVhIywaUC2vuWLTFjnNcZLuMH9wZu4FXWKT4X7Eeb6YevCjGwTlHr1wkxJ2YiMSDjnjqnX11M= root@ubuntu-bionic
ssh-ed25519 AAAAC3NzaC1lZDI1NTE5AAAAIO2bMfAk3kcVev3932dY1v3LqAtAD7X7WLN4LqWROKN0 root@ubuntu-bionic
ssh-rsa AAAAB3NzaC1yc2EAAAADAQABAAABAQCl/BxJumhj1A4yqROtaxlGJhccLXYBas6l9f29PBsXA/lMkwuN0cNY+f9+ciPglj7FBdm7mE1FxkcHdwIK4Lr5MndseCdk7gpTr0QpU4xsfAcjigxWOh5g775pds+x1NWMVCgeuPVLD53zinqhV31h6lJ5P4Xpc33wuNZH4OKxkP4b0hQU9HqhsWIUMlxXy+L0QbjQjIM0xsg9UZ7v6W9gfY6Mxy3bZiB1bGebSz6m/G6PIKxCEMsmX/ZdDm2HM22ZkNbgfrKjEXCqaetSaa70dS9q/CkwZA/pPkEYyKImL1bs7T89P7A9JPZTzZ0p40h3cIJp92+re+nz5Q6YYWO7 root@ubuntu-bionic
-----END SSH HOST KEY KEYS-----
[   26.642192] cloud-init[1821]: Cloud-init v. 23.1.2-0ubuntu0~18.04.1 running 'modules:final' at Fri, 06 Sep 2024 19:20:03 +0000. Up 26.44 seconds.
[   26.642300] cloud-init[1821]: Cloud-init v. 23.1.2-0ubuntu0~18.04.1 finished at Fri, 06 Sep 2024 19:20:03 +0000. Datasource DataSourceNoCloud [seed=/dev/sdb][dsmode=net].  Up 26.63 seconds

Ubuntu 18.04.6 LTS ubuntu-bionic ttyS0

ubuntu-bionic login:          Stopping Session 7 of user vagrant.
[[0;32m  OK  [0m] Closed Load/Save RF Kill Switch Status /dev/rfkill Watch.
         Stopping Availability of block devices...
[[0;32m  OK  [0m] Stopped target Cloud-init target.
         Stopping User Manager for UID 1000...
         Stopping Authorization Manager...
[[0;32m  OK  [0m] Stopped Execute cloud user/final scripts.
[[0;32m  OK  [0m] Stopped Apply the settings specified in cloud-config.
[[0;32m  OK  [0m] Stopped target Cloud-config availability.
[[0;32m  OK  [0m] Stopped target Timers.
[[0;32m  OK  [0m] Stopped Ubuntu Advantage Timer for running repeated jobs.
[[0;32m  OK  [0m] Stopped Discard unused blocks once a week.
[[0;32m  OK  [0m] Stopped Daily Cleanup of Temporary Directories.
[[0;32m  OK  [0m] Stopped Message of the Day.
[[0;32m  OK  [0m] Stopped target Graphical Interface.
         Stopping Accounts Service...
[[0;32m  OK  [0m] Stopped target Multi-User System.
         Stopping LXD - container startup/shutdown...
[[0;32m  OK  [0m] Stopped Wait until snapd is fully seeded.
         Stopping FUSE filesystem for LXC...
         Stopping System Logging Service...
         Stopping OpenBSD Secure Shell server...
         Stopping Virtualbox guest utils...
         Stopping LSB: Record successful boot for GRUB...
         Stopping irqbalance daemon...
         Stopping Dispatcher daemon for systemd-networkd...
         Stopping LSB: automatic crash report generation...
         Stopping D-Bus System Message Bus...
[[0;32m  OK  [0m] Stopped target Login Prompts.
         Stopping Serial Getty on ttyS0...
         Stopping Getty on tty1...
         Stopping Deferred execution scheduler...
         Stopping Regular background program processing daemon...
         Stopping The Apache HTTP Server...
[[0;32m  OK  [0m] Stopped Daily apt upgrade and clean activities.
[[0;32m  OK  [0m] Stopped Daily apt download activities.
[[0;32m  OK  [0m] Stopped target System Time Synchronized.
[[0;32m  OK  [0m] Unmounted /var/lib/lxcfs.
[[0;32m  OK  [0m] Stopped Regular background program processing daemon.
[[0;32m  OK  [0m] Stopped System Logging Service.
[[0;32m  OK  [0m] Stopped Dispatcher daemon for systemd-networkd.
[[0;32m  OK  [0m] Stopped Accounts Service.
[[0;32m  OK  [0m] Stopped irqbalance daemon.
[[0;32m  OK  [0m] Stopped Deferred execution scheduler.
[[0;32m  OK  [0m] Stopped Serial Getty on ttyS0.
[[0;32m  OK  [0m] Stopped Getty on tty1.
[[0;32m  OK  [0m] Stopped Authorization Manager.
[[0;32m  OK  [0m] Stopped OpenBSD Secure Shell server.
[[0;32m  OK  [0m] Stopped User Manager for UID 1000.
[[0;32m  OK  [0m] Stopped D-Bus System Message Bus.
[[0;32m  OK  [0m] Stopped FUSE filesystem for LXC.
[[0;32m  OK  [0m] Stopped Availability of block devices.
[[0;32m  OK  [0m] Stopped Session 7 of user vagrant.
[[0;32m  OK  [0m] Removed slice User Slice of vagrant.
         Stopping Login Service...
[[0;32m  OK  [0m] Removed slice system-getty.slice.
         Stopping Permit User Sessions...
[[0;32m  OK  [0m] Removed slice system-serial\x2dgetty.slice.
[[0;32m  OK  [0m] Stopped target Login Prompts (Pre).
[[0;32m  OK  [0m] Stopped LXD - container startup/shutdown.
[[0;32m  OK  [0m] Stopped LSB: Record successful boot for GRUB.
[[0;32m  OK  [0m] Stopped The Apache HTTP Server.
[[0;32m  OK  [0m] Stopped target Host and Network Name Lookups.
[[0;32m  OK  [0m] Stopped Permit User Sessions.
[[0;32m  OK  [0m] Stopped LSB: automatic crash report generation.
[[0;32m  OK  [0m] Stopped target Remote File Systems.
         Unmounting /vagrant...
[[0;32m  OK  [0m] Unmounted /vagrant.
[[0;32m  OK  [0m] Stopped target Remote File Systems (Pre).
[[0;32m  OK  [0m] Stopped target Network is Online.
[[0;32m  OK  [0m] Stopped target Network.
         Stopping Network Name Resolution...
[[0;32m  OK  [0m] Stopped Virtualbox guest utils.
[[0;32m  OK  [0m] Stopped Login Service.
[[0;32m  OK  [0m] Stopped target Basic System.
[[0;32m  OK  [0m] Stopped target Paths.
[[0;32m  OK  [0m] Stopped ACPI Events Check.
[[0;32m  OK  [0m] Stopped target Sockets.
[[0;32m  OK  [0m] Closed Socket activation for snappy daemon.
[[0;32m  OK  [0m] Closed Syslog Socket.
[[0;32m  OK  [0m] Closed LXD - unix socket.
[[0;32m  OK  [0m] Closed Open-iSCSI iscsid Socket.
[[0;32m  OK  [0m] Closed ACPID Listen Socket.
[[0;32m  OK  [0m] Closed UUID daemon activation socket.
[[0;32m  OK  [0m] Closed cloud-init hotplug hook socket.
[[0;32m  OK  [0m] Stopped target Slices.
[[0;32m  OK  [0m] Stopped target User and Group Name Lookups.
[[0;32m  OK  [0m] Closed D-Bus System Message Bus Socket.
[[0;32m  OK  [0m] Stopped target System Initialization.
         Stopping Load/Save Random Seed...
         Stopping Update UTMP about System Boot/Shutdown...
[[0;32m  OK  [0m] Stopped Commit a transient machine-id on disk.
[[0;32m  OK  [0m] Stopped target Local Encrypted Volumes.
[[0;32m  OK  [0m] Stopped Forward Password Requests to Wall Directory Watch.
[[0;32m  OK  [0m] Stopped Dispatch Password Requests to Console Directory Watch.
[[0;32m  OK  [0m] Stopped Initial cloud-init job (metadata service crawler).
[[0;32m  OK  [0m] Removed slice User and Session Slice.
[[0;32m  OK  [0m] Stopped Network Name Resolution.
[[0;32m  OK  [0m] Stopped Load/Save Random Seed.
         Stopping Network Service...
[[0;32m  OK  [0m] Stopped Update UTMP about System Boot/Shutdown.
[[0;32m  OK  [0m] Stopped Create Volatile Files and Directories.
[[0;32m  OK  [0m] Stopped target Local File Systems.
         Unmounting /run/user/1000...
[[0;32m  OK  [0m] Stopped target Mounted snaps.
[[0;32m  OK  [0m] Stopped target Mounting snaps.
[[0;32m  OK  [0m] Unmounted /run/user/1000.
[[0;32m  OK  [0m] Reached target Unmount All Filesystems.
[[0;32m  OK  [0m] Stopped target Local File Systems (Pre).
[[0;32m  OK  [0m] Stopped Create Static Device Nodes in /dev.
         Stopping Monitoring of LVM2 mirrors…ng dmeventd or progress polling...
[[0;32m  OK  [0m] Stopped target Swap.
[[0;32m  OK  [0m] Stopped Monitoring of LVM2 mirrors,…sing dmeventd or progress polling.
         Stopping LVM2 metadata daemon...
[[0;32m  OK  [0m] Stopped LVM2 metadata daemon.
[[0;32m  OK  [0m] Stopped Network Service.
[[0;32m  OK  [0m] Stopped Apply Kernel Variables.
[[0;32m  OK  [0m] Stopped Load Kernel Modules.
[[0;32m  OK  [0m] Stopped target Network (Pre).
[[0;32m  OK  [0m] Stopped Initial cloud-init job (pre-networking).
[[0;32m  OK  [0m] Stopped Remount Root and Kernel File Systems.
[[0;32m  OK  [0m] Reached target Shutdown.
[[0;32m  OK  [0m] Reached target Final Step.
         Starting Power-Off...
[  732.935952] reboot: Power down
